<?xml version="1.0" encoding="UTF-8"?>
<testng-results skipped="0" failed="0" ignored="0" total="1" passed="1">
  <reporter-output>
  </reporter-output>
  <suite name="Default suite" duration-ms="7978" started-at="2020-06-28T19:56:54Z" finished-at="2020-06-28T19:57:02Z">
    <groups>
    </groups>
    <test name="Default test" duration-ms="7978" started-at="2020-06-28T19:56:54Z" finished-at="2020-06-28T19:57:02Z">
      <class name="test.CategoryTest">
        <test-method status="PASS" signature="UserShouldBeAbletoCheckCheckBox()[pri:0, instance:test.CategoryTest@4520ebad]" name="UserShouldBeAbletoCheckCheckBox" duration-ms="7334" started-at="2020-06-28T14:56:54Z" finished-at="2020-06-28T14:57:02Z">
          <reporter-output>
          </reporter-output>
        </test-method> <!-- UserShouldBeAbletoCheckCheckBox -->
        <test-method status="PASS" signature="tearDown()[pri:0, instance:test.CategoryTest@4520ebad]" name="tearDown" is-config="true" duration-ms="627" started-at="2020-06-28T14:57:02Z" finished-at="2020-06-28T14:57:02Z">
          <reporter-output>
          </reporter-output>
        </test-method> <!-- tearDown -->
      </class> <!-- test.CategoryTest -->
    </test> <!-- Default test -->
  </suite> <!-- Default suite -->
</testng-results>
