<?xml version="1.0" encoding="UTF-8"?>
<testng-results skipped="0" failed="0" ignored="0" total="1" passed="1">
  <reporter-output>
  </reporter-output>
  <suite name="Default suite" duration-ms="7704" started-at="2020-07-06T17:55:14Z" finished-at="2020-07-06T17:55:21Z">
    <groups>
    </groups>
    <test name="Default test" duration-ms="7704" started-at="2020-07-06T17:55:14Z" finished-at="2020-07-06T17:55:21Z">
      <class name="test.RemoveButtonTest">
        <test-method status="PASS" signature="UserShouldBeAbletoCheckCheckBox()[pri:0, instance:test.RemoveButtonTest@36d4b5c]" name="UserShouldBeAbletoCheckCheckBox" duration-ms="7678" started-at="2020-07-06T12:55:14Z" finished-at="2020-07-06T12:55:21Z">
          <reporter-output>
          </reporter-output>
        </test-method> <!-- UserShouldBeAbletoCheckCheckBox -->
      </class> <!-- test.RemoveButtonTest -->
    </test> <!-- Default test -->
  </suite> <!-- Default suite -->
</testng-results>
